SQL> set serveroutput on
SQL> /*
1. Display all product information for products that contain the string ‘saw’ in their description.
*/
SQL> select * from product where P_DESCRIPT like '%saw%';

P_CODE     P_DESCRIPT                          P_INDATE         P_QOH      P_MIN    P_PRICE P_DISCOUNT     V_CODE
---------- ----------------------------------- ----------- ---------- ---------- ---------- ---------- ----------
13-Q2/P2   7.25-in. pwr. saw blade             13-DEC-2011         32         15      14.99        .05      21344
14-Q1/L3   9.00-in. pwr. saw blade             13-NOV-2011         18         12      17.49          0      21344
2232/QTY   B&D jigsaw, 12-in. blade            30-DEC-2011          8          5     109.92        .05      24288
2232/QWE   B&D jigsaw, 8-in. blade             24-DEC-2011          6          5      99.87        .05      24288
89-WRE-Q   Hicut chain saw, 16 in.             07-FEB-2012         11          5     256.99        .05      24288
SQL> /*
2. Display all product information for products currently selling for less than $20.00 and which have
more than 100 units in stock (recorded in attribute P_QOH or quantity on hand).
*/
SQL> select * from product
where P_PRICE < 20.00
and P_QOH > 100;

P_CODE     P_DESCRIPT                          P_INDATE         P_QOH      P_MIN    P_PRICE P_DISCOUNT     V_CODE
---------- ----------------------------------- ----------- ---------- ---------- ---------- ---------- ----------
PVC23DRT   PVC pipe, 3.5-in., 8-ft             20-FEB-2012        188         75       5.87          0           
SM-18277   1.25-in. metal screw, 25            01-MAR-2012        172         75       6.99          0      21225
SW-23116   2.5-in. wd. screw, 50               24-FEB-2012        237        100       8.45          0      21231

SQL> /*
3. Display all product information for products currently selling for less than $20.00 or which have more
than 100 units in stock (recorded in attribute P_QOH or quantity on hand).
*/
SQL> select * from product
where P_PRICE < 20.00
or P_QOH > 100;

P_CODE     P_DESCRIPT                          P_INDATE         P_QOH      P_MIN    P_PRICE P_DISCOUNT     V_CODE
---------- ----------------------------------- ----------- ---------- ---------- ---------- ---------- ----------
13-Q2/P2   7.25-in. pwr. saw blade             13-DEC-2011         32         15      14.99        .05      21344
14-Q1/L3   9.00-in. pwr. saw blade             13-NOV-2011         18         12      17.49          0      21344
23109-HB   Claw hammer                         20-JAN-2012         23         10       9.95         .1      21225
23114-AA   Sledge hammer, 12 lb.               02-JAN-2012          8          5       14.4        .05           
54778-2T   Rat-tail file, 1/8-in. fine         15-DEC-2011         43         20       4.99          0      21344
PVC23DRT   PVC pipe, 3.5-in., 8-ft             20-FEB-2012        188         75       5.87          0           
SM-18277   1.25-in. metal screw, 25            01-MAR-2012        172         75       6.99          0      21225
SW-23116   2.5-in. wd. screw, 50               24-FEB-2012        237        100       8.45          0      21231

 8 rows selected 

SQL> /*
4. Display the product code, description and price for products provided by vendor 21344.
*/
SQL> select P_CODE, P_DESCRIPT, P_PRICE
from product
where V_CODE = '21344';

P_CODE     P_DESCRIPT                             P_PRICE
---------- ----------------------------------- ----------
13-Q2/P2   7.25-in. pwr. saw blade                  14.99
14-Q1/L3   9.00-in. pwr. saw blade                  17.49
54778-2T   Rat-tail file, 1/8-in. fine               4.99

SQL> /*
5. Display the product code, description, price and price after discount (a computed column that uses the
P_PRICE and P_DISCOUNT (a percent discount) --- name the computed column NewPrice) for products
for which no vendor is specified in table PRODUCT.
*/
SQL> select P_CODE, P_DESCRIPT, P_PRICE, (P_PRICE * (1-P_DISCOUNT)) as NewPrice
from product
where V_CODE is null;

P_CODE     P_DESCRIPT                             P_PRICE   NEWPRICE
---------- ----------------------------------- ---------- ----------
23114-AA   Sledge hammer, 12 lb.                     14.4      13.68
PVC23DRT   PVC pipe, 3.5-in., 8-ft                   5.87       5.87

SQL> /*
6. Display the product code, product description and vendor name for products provided by vendors
located in the state of TN.
*/
SQL> select prod.P_CODE, prod.P_DESCRIPT, vend.V_NAME from 
product prod join vendor vend using (V_CODE)
where vend.V_STATE = 'TN';

P_CODE     P_DESCRIPT                          V_NAME                            
---------- ----------------------------------- -----------------------------------
2232/QTY   B&D jigsaw, 12-in. blade            ORDVA, Inc.                        
2232/QWE   B&D jigsaw, 8-in. blade             ORDVA, Inc.                        
23109-HB   Claw hammer                         Bryson, Inc.                       
89-WRE-Q   Hicut chain saw, 16 in.             ORDVA, Inc.                        
SM-18277   1.25-in. metal screw, 25            Bryson, Inc.                       
SW-23116   2.5-in. wd. screw, 50               D&E Supply                         

 6 rows selected 
SQL> /*
7. Display the full names of employees who manage other employees, ordered by last name.
*/
SQL> select EMP_FNAME || ' ' || EMP_INITIAL || ' ' || EMP_LNAME as FullName from employee 
where EMP_NUM in (select distinct(EMP_MGR) from employee)
order by EMP_LNAME;

FULLNAME                        
---------------------------------
George D Kolmycz                 
Paul R Wiesenbach                
Robert D Williams                

SQL> /*
8. Display the count of distinct products ordered so far by customers (i.e. exist in table LINE).
*/
SQL> select count(distinct P_CODE) from LINE;

                  COUNT(DISTINCTP_CODE)
---------------------------------------
                                     10

SQL> /*
9. For every manager, display the manager employee code along with the total number of employees s/he
manages.
*/
SQL> select EMP_MGR, count(*) from employee 
where EMP_MGR is not null
group by EMP_MGR;

   EMP_MGR   COUNT(*)
---------- ----------
       100          4
       108          4
       105          6

SQL> /*
10. Display the product description, the full customer name and the customer balance for products
ordered by customers having a customer balance between $100.00 and $500.00 (inclusive of both). Order
by customer last name, then first name, then initial.
*/
SQL> Select prod.P_DESCRIPT, cus.CUS_FNAME, cus.CUS_INITIAL, cus.CUS_LNAME, cus.CUS_BALANCE 
from PRODUCT prod join LINE using (P_CODE)
join INVOICE using (INV_NUMBER)
join CUSTOMER cus using (CUS_CODE)
where cus.CUS_BALANCE between '100.00' and '500.00';

P_DESCRIPT                          CUS_FNAME       C CUS_LNAME       CUS_BALANCE
----------------------------------- --------------- - --------------- -----------
B&D cordless drill, 1/2-in.         Kathy           W Smith                345.86
Hrd. cloth, 1/4-in., 2x50           Kathy           W Smith                345.86
7.25-in. pwr. saw blade             Kathy           W Smith                345.86
PVC pipe, 3.5-in., 8-ft             Anne            G Farriss              216.55

SQL> /*
11. For every invoice, display the invoice number, invoice date and the total dollar amount for all
products purchased in the invoice, ordered by invoice number in descending order and then by invoice
date in ascending order.
*/
SQL> select INV_NUMBER, INV_DATE, SUM(LINE_UNITS * LINE_PRICE) as Total from INVOICE
join LINE using (INV_NUMBER)
group by INV_NUMBER, INV_DATE
order by INV_NUMBER desc, INV_DATE asc;

INV_NUMBER INV_DATE         TOTAL
---------- ----------- ----------
      1008 17-JAN-2012     399.15
      1007 17-JAN-2012      34.97
      1006 17-JAN-2012     397.83
      1005 17-JAN-2012      70.44
      1004 17-JAN-2012      34.87
      1003 16-JAN-2012     153.85
      1002 16-JAN-2012       9.98
      1001 16-JAN-2012      24.94

 8 rows selected 
SQL> /*
12. Create an SQL view called VENDOR_PRODUCTS_TOTALS that shows the vendor name, vendor
code and the total number of products provided by the vendor but only for vendors providing two or more 
products. When done, issue a select * from VENDOR_PRODUCTS_TOTALS statement to display the
contents of view VENDOR_PRODUCTS_TOTALS.
PS: if you ever need to UNDO changes made to the database by an UPDATE or DELETE statement,
issue command rollback in the command input sub-window of SQL Developer.
*/
SQL> CREATE OR REPLACE VIEW VENDOR_PRODUCTS_TOTALS as 
select V_NAME, V_CODE, Count(P_CODE) as NumberOfProducts from VENDOR
join PRODUCT using (V_CODE)
group by V_NAME, V_CODE
having count(P_CODE) > 2;

View VENDOR_PRODUCTS_TOTALS created.

SQL> Select * from VENDOR_PRODUCTS_TOTALS;

V_NAME                                  V_CODE                        NUMBEROFPRODUCTS
----------------------------------- ---------- ---------------------------------------
Rubicon Systems                          25595                                       3
Gomez Bros.                              21344                                       3
ORDVA, Inc.                              24288                                       3

SQL> /*
13. Start by issuing a select * from product statement. Then, create and run an SQL update statement
which changes the P_DISCOUNT to 0.03 percent for all products that currently have a discount of 0.
Finally issue a select * from product statement after the update. This will show you the change produced
by your update statement.
*/
SQL> select * from product;

P_CODE     P_DESCRIPT                          P_INDATE         P_QOH      P_MIN    P_PRICE P_DISCOUNT     V_CODE
---------- ----------------------------------- ----------- ---------- ---------- ---------- ---------- ----------
11QER/31   Power painter, 15 psi., 3-nozzle    03-NOV-2011          8          5     109.99          0      25595
13-Q2/P2   7.25-in. pwr. saw blade             13-DEC-2011         32         15      14.99        .05      21344
14-Q1/L3   9.00-in. pwr. saw blade             13-NOV-2011         18         12      17.49          0      21344
1546-QQ2   Hrd. cloth, 1/4-in., 2x50           15-JAN-2012         15          8      39.95          0      23119
1558-QW1   Hrd. cloth, 1/2-in., 3x50           15-JAN-2012         23          5      43.99          0      23119
2232/QTY   B&D jigsaw, 12-in. blade            30-DEC-2011          8          5     109.92        .05      24288
2232/QWE   B&D jigsaw, 8-in. blade             24-DEC-2011          6          5      99.87        .05      24288
2238/QPD   B&D cordless drill, 1/2-in.         20-JAN-2012         12          5      38.95        .05      25595
23109-HB   Claw hammer                         20-JAN-2012         23         10       9.95         .1      21225
23114-AA   Sledge hammer, 12 lb.               02-JAN-2012          8          5       14.4        .05           
54778-2T   Rat-tail file, 1/8-in. fine         15-DEC-2011         43         20       4.99          0      21344

P_CODE     P_DESCRIPT                          P_INDATE         P_QOH      P_MIN    P_PRICE P_DISCOUNT     V_CODE
---------- ----------------------------------- ----------- ---------- ---------- ---------- ---------- ----------
89-WRE-Q   Hicut chain saw, 16 in.             07-FEB-2012         11          5     256.99        .05      24288
PVC23DRT   PVC pipe, 3.5-in., 8-ft             20-FEB-2012        188         75       5.87          0           
SM-18277   1.25-in. metal screw, 25            01-MAR-2012        172         75       6.99          0      21225
SW-23116   2.5-in. wd. screw, 50               24-FEB-2012        237        100       8.45          0      21231
WR3/TT3    Steel matting, 4'x8'x1/6", .5" mesh 17-JAN-2012         18          5     119.95         .1      25595

 16 rows selected 
SQL> update product
set P_DISCOUNT = '0.03'
where P_DISCOUNT = '0';

8 rows updated.

SQL> select * from product;

P_CODE     P_DESCRIPT                          P_INDATE         P_QOH      P_MIN    P_PRICE P_DISCOUNT     V_CODE
---------- ----------------------------------- ----------- ---------- ---------- ---------- ---------- ----------
11QER/31   Power painter, 15 psi., 3-nozzle    03-NOV-2011          8          5     109.99        .03      25595
13-Q2/P2   7.25-in. pwr. saw blade             13-DEC-2011         32         15      14.99        .05      21344
14-Q1/L3   9.00-in. pwr. saw blade             13-NOV-2011         18         12      17.49        .03      21344
1546-QQ2   Hrd. cloth, 1/4-in., 2x50           15-JAN-2012         15          8      39.95        .03      23119
1558-QW1   Hrd. cloth, 1/2-in., 3x50           15-JAN-2012         23          5      43.99        .03      23119
2232/QTY   B&D jigsaw, 12-in. blade            30-DEC-2011          8          5     109.92        .05      24288
2232/QWE   B&D jigsaw, 8-in. blade             24-DEC-2011          6          5      99.87        .05      24288
2238/QPD   B&D cordless drill, 1/2-in.         20-JAN-2012         12          5      38.95        .05      25595
23109-HB   Claw hammer                         20-JAN-2012         23         10       9.95         .1      21225
23114-AA   Sledge hammer, 12 lb.               02-JAN-2012          8          5       14.4        .05           
54778-2T   Rat-tail file, 1/8-in. fine         15-DEC-2011         43         20       4.99        .03      21344

P_CODE     P_DESCRIPT                          P_INDATE         P_QOH      P_MIN    P_PRICE P_DISCOUNT     V_CODE
---------- ----------------------------------- ----------- ---------- ---------- ---------- ---------- ----------
89-WRE-Q   Hicut chain saw, 16 in.             07-FEB-2012         11          5     256.99        .05      24288
PVC23DRT   PVC pipe, 3.5-in., 8-ft             20-FEB-2012        188         75       5.87        .03           
SM-18277   1.25-in. metal screw, 25            01-MAR-2012        172         75       6.99        .03      21225
SW-23116   2.5-in. wd. screw, 50               24-FEB-2012        237        100       8.45        .03      21231
WR3/TT3    Steel matting, 4'x8'x1/6", .5" mesh 17-JAN-2012         18          5     119.95         .1      25595

 16 rows selected 
SQL> commit;

Commit complete.

SQL> /*
14. Start by issuing a select * from product statement. Then, create an SQL update statement which
doubles the P_DISCOUNT for all products provided by vendors in TN or FL. Finally issue a select * from
product statement after the update. This will show you the change produced by your update statement.
PS: remember that update queries can’t use multiple tables; as a result, you should update table
PRODUCT and use the IN operator with an inner query that finds the matching vendors from table
VENDOR --- see section “The IN Special Operator” on pages 257 and 258 in your textbook.
*/
SQL> select * from product;

P_CODE     P_DESCRIPT                          P_INDATE         P_QOH      P_MIN    P_PRICE P_DISCOUNT     V_CODE
---------- ----------------------------------- ----------- ---------- ---------- ---------- ---------- ----------
11QER/31   Power painter, 15 psi., 3-nozzle    03-NOV-2011          8          5     109.99        .03      25595
13-Q2/P2   7.25-in. pwr. saw blade             13-DEC-2011         32         15      14.99        .05      21344
14-Q1/L3   9.00-in. pwr. saw blade             13-NOV-2011         18         12      17.49        .03      21344
1546-QQ2   Hrd. cloth, 1/4-in., 2x50           15-JAN-2012         15          8      39.95        .03      23119
1558-QW1   Hrd. cloth, 1/2-in., 3x50           15-JAN-2012         23          5      43.99        .03      23119
2232/QTY   B&D jigsaw, 12-in. blade            30-DEC-2011          8          5     109.92        .05      24288
2232/QWE   B&D jigsaw, 8-in. blade             24-DEC-2011          6          5      99.87        .05      24288
2238/QPD   B&D cordless drill, 1/2-in.         20-JAN-2012         12          5      38.95        .05      25595
23109-HB   Claw hammer                         20-JAN-2012         23         10       9.95         .1      21225
23114-AA   Sledge hammer, 12 lb.               02-JAN-2012          8          5       14.4        .05           
54778-2T   Rat-tail file, 1/8-in. fine         15-DEC-2011         43         20       4.99        .03      21344

P_CODE     P_DESCRIPT                          P_INDATE         P_QOH      P_MIN    P_PRICE P_DISCOUNT     V_CODE
---------- ----------------------------------- ----------- ---------- ---------- ---------- ---------- ----------
89-WRE-Q   Hicut chain saw, 16 in.             07-FEB-2012         11          5     256.99        .05      24288
PVC23DRT   PVC pipe, 3.5-in., 8-ft             20-FEB-2012        188         75       5.87        .03           
SM-18277   1.25-in. metal screw, 25            01-MAR-2012        172         75       6.99        .03      21225
SW-23116   2.5-in. wd. screw, 50               24-FEB-2012        237        100       8.45        .03      21231
WR3/TT3    Steel matting, 4'x8'x1/6", .5" mesh 17-JAN-2012         18          5     119.95         .1      25595

 16 rows selected 

SQL> update product
set P_DISCOUNT = P_DISCOUNT * 2
where V_CODE IN (
Select distinct(V_CODE) 
from VENDOR 
where V_STATE in ('TN','FL')
);

9 rows updated.

SQL> commit;

Commit complete.

SQL> select * from product;

P_CODE     P_DESCRIPT                          P_INDATE         P_QOH      P_MIN    P_PRICE P_DISCOUNT     V_CODE
---------- ----------------------------------- ----------- ---------- ---------- ---------- ---------- ----------
11QER/31   Power painter, 15 psi., 3-nozzle    03-NOV-2011          8          5     109.99        .06      25595
13-Q2/P2   7.25-in. pwr. saw blade             13-DEC-2011         32         15      14.99        .05      21344
14-Q1/L3   9.00-in. pwr. saw blade             13-NOV-2011         18         12      17.49        .03      21344
1546-QQ2   Hrd. cloth, 1/4-in., 2x50           15-JAN-2012         15          8      39.95        .03      23119
1558-QW1   Hrd. cloth, 1/2-in., 3x50           15-JAN-2012         23          5      43.99        .03      23119
2232/QTY   B&D jigsaw, 12-in. blade            30-DEC-2011          8          5     109.92         .1      24288
2232/QWE   B&D jigsaw, 8-in. blade             24-DEC-2011          6          5      99.87         .1      24288
2238/QPD   B&D cordless drill, 1/2-in.         20-JAN-2012         12          5      38.95         .1      25595
23109-HB   Claw hammer                         20-JAN-2012         23         10       9.95         .2      21225
23114-AA   Sledge hammer, 12 lb.               02-JAN-2012          8          5       14.4        .05           
54778-2T   Rat-tail file, 1/8-in. fine         15-DEC-2011         43         20       4.99        .03      21344

P_CODE     P_DESCRIPT                          P_INDATE         P_QOH      P_MIN    P_PRICE P_DISCOUNT     V_CODE
---------- ----------------------------------- ----------- ---------- ---------- ---------- ---------- ----------
89-WRE-Q   Hicut chain saw, 16 in.             07-FEB-2012         11          5     256.99         .1      24288
PVC23DRT   PVC pipe, 3.5-in., 8-ft             20-FEB-2012        188         75       5.87        .03           
SM-18277   1.25-in. metal screw, 25            01-MAR-2012        172         75       6.99        .06      21225
SW-23116   2.5-in. wd. screw, 50               24-FEB-2012        237        100       8.45        .06      21231
WR3/TT3    Steel matting, 4'x8'x1/6", .5" mesh 17-JAN-2012         18          5     119.95         .2      25595

 16 rows selected 

SQL> /*
15. Start by issuing a select * from LINE statement. Then, create an SQL delete statement to delete
invoice lines that include 2 or more units of product code ‘23109-HB’. Finally issue a select * from LINE
statement after the delet. This should show you the change produced by your delete statement.  
*/
SQL> select * from LINE;

INV_NUMBER LINE_NUMBER P_CODE     LINE_UNITS LINE_PRICE
---------- ----------- ---------- ---------- ----------
      1001           1 13-Q2/P2            1      14.99
      1001           2 23109-HB            1       9.95
      1002           1 54778-2T            2       4.99
      1003           1 2238/QPD            1      38.95
      1003           2 1546-QQ2            1      39.95
      1003           3 13-Q2/P2            5      14.99
      1004           1 54778-2T            3       4.99
      1004           2 23109-HB            2       9.95
      1005           1 PVC23DRT           12       5.87
      1006           1 SM-18277            3       6.99
      1006           2 2232/QTY            1     109.92

INV_NUMBER LINE_NUMBER P_CODE     LINE_UNITS LINE_PRICE
---------- ----------- ---------- ---------- ----------
      1006           3 23109-HB            1       9.95
      1006           4 89-WRE-Q            1     256.99
      1007           1 13-Q2/P2            2      14.99
      1007           2 54778-2T            1       4.99
      1008           1 PVC23DRT            5       5.87
      1008           2 WR3/TT3             3     119.95
      1008           3 23109-HB            1       9.95

 18 rows selected 

SQL> Delete from LINE
where LINE_UNITS > 1
and P_CODE = '23109-HB';

1 row deleted.
SQL> commit;

Commit complete.

SQL> select * from LINE;

INV_NUMBER LINE_NUMBER P_CODE     LINE_UNITS LINE_PRICE
---------- ----------- ---------- ---------- ----------
      1001           1 13-Q2/P2            1      14.99
      1001           2 23109-HB            1       9.95
      1002           1 54778-2T            2       4.99
      1003           1 2238/QPD            1      38.95
      1003           2 1546-QQ2            1      39.95
      1003           3 13-Q2/P2            5      14.99
      1004           1 54778-2T            3       4.99
      1005           1 PVC23DRT           12       5.87
      1006           1 SM-18277            3       6.99
      1006           2 2232/QTY            1     109.92
      1006           3 23109-HB            1       9.95

INV_NUMBER LINE_NUMBER P_CODE     LINE_UNITS LINE_PRICE
---------- ----------- ---------- ---------- ----------
      1006           4 89-WRE-Q            1     256.99
      1007           1 13-Q2/P2            2      14.99
      1007           2 54778-2T            1       4.99
      1008           1 PVC23DRT            5       5.87
      1008           2 WR3/TT3             3     119.95
      1008           3 23109-HB            1       9.95

 17 rows selected 
