SQL> set echo on
SQL> set serveroutput on
SQL> /* Database Systems, 8th Ed., Rob/Coronel */
SQL> /* Type of SQL : Oracle */
SQL> ALTER SESSION SET NLS_DATE_FORMAT = 'MM/DD/YYYY';

Session altered.
SQL> drop TABLE PAINTING CASCADE CONSTRAINTS;

Table PAINTING dropped.

SQL> drop TABLE GALLERY CASCADE CONSTRAINTS;

Table GALLERY dropped.

SQL> drop TABLE PAINTER CASCADE CONSTRAINTS;

Table PAINTER dropped.

SQL> CREATE TABLE GALLERY (
GAL_NUM varchar2(4),
GAL_OWNER varchar2(35),
GAL_AREACODE varchar2(3),
GAL_PHONE varchar2(8),
GAL_RATE number,
Primary key (GAL_NUM),
check (GAL_RATE <= 1)
);

Table GALLERY created.

SQL> INSERT INTO GALLERY VALUES('5','L. R. Gilliam','901','123-4456',0.37);

1 row inserted.

SQL> INSERT INTO GALLERY VALUES('6','G. G. Waters','405','353-2243',0.45);

1 row inserted.

SQL> /* -- */
SQL> CREATE TABLE PAINTER (
PTR_NUM varchar2(4),
PTR_LASTNAME varchar2(15),
PTR_FIRSTNAME varchar2(15),
PTR_AREACODE varchar2(3),
PTR_PHONE varchar2(8),
Primary key (PTR_NUM)
);

Table PAINTER created.

SQL> INSERT INTO PAINTER VALUES('123','Ross','Georgette','901','885-4567');

1 row inserted.

SQL> INSERT INTO PAINTER VALUES('126','Itero','Julio','901','346-1112');

1 row inserted.

SQL> INSERT INTO PAINTER VALUES('127','Geoff','George','615','221-4456');

1 row inserted.
SQL> /* -- */
SQL> CREATE TABLE PAINTING (
PTNG_NUM varchar2(4),
PTNG_TITLE varchar2(35),
PTNG_PRICE number ,
PTR_NUM varchar2(4),
GAL_NUM varchar2(4),
Primary key (PTNG_NUM),
FOREIGN KEY (PTR_NUM) REFERENCES PAINTER (PTR_NUM) ON DELETE CASCADE,
FOREIGN KEY (GAL_NUM) REFERENCES GALLERY (GAL_NUM) ON DELETE CASCADE,
check (PTNG_PRICE > 0)
);

Table PAINTING created.

SQL> INSERT INTO PAINTING VALUES('1338','Dawn Thunder',245.5,'123','5');

1 row inserted.
SQL> INSERT INTO PAINTING VALUES('1339','A Faded Rose',6723,'123',null);

1 row inserted.

SQL> INSERT INTO PAINTING VALUES('1340','The Founders',567.99,'126','6');

1 row inserted.

SQL> INSERT INTO PAINTING VALUES('1341','Hasty Pudding Exit',145.5,'123',null);

1 row inserted.

SQL> INSERT INTO PAINTING VALUES('1342','Plastic Paradise',8328.99,'126','6');

1 row inserted.

SQL> INSERT INTO PAINTING VALUES('1343','Roamin',785,'127','6');

1 row inserted.

SQL> INSERT INTO PAINTING VALUES('1344','Wild Waters',999,'127','5');

1 row inserted.

SQL> INSERT INTO PAINTING VALUES('1345','Stuff ''n Such ''n Some','9800','123','5');

1 row inserted.

SQL> commit;

Commit complete.

SQL> set echo on
SQL> set serveroutput on
SQL> /* Database Systems, 8th Ed., Rob/Coronel */
SQL> /* Type of SQL : Oracle */
SQL> ALTER SESSION SET NLS_DATE_FORMAT = 'MM/DD/YYYY';

Session altered.
SQL> drop TABLE PAINTING CASCADE CONSTRAINTS;

Table PAINTING dropped.

SQL> drop TABLE GALLERY CASCADE CONSTRAINTS;

Table GALLERY dropped.
SQL> drop TABLE PAINTER CASCADE CONSTRAINTS;

Table PAINTER dropped.

SQL> CREATE TABLE GALLERY (
GAL_NUM varchar2(4),
GAL_OWNER varchar2(35),
GAL_AREACODE varchar2(3),
GAL_PHONE varchar2(8),
GAL_RATE number,
Primary key (GAL_NUM),
check (GAL_RATE <= 1)
);

Table GALLERY created.
SQL> INSERT INTO GALLERY VALUES('5','L. R. Gilliam','901','123-4456',0.37);

1 row inserted.

SQL> INSERT INTO GALLERY VALUES('6','G. G. Waters','405','353-2243',0.45);

1 row inserted.

SQL> /* -- */
SQL> CREATE TABLE PAINTER (
PTR_NUM varchar2(4),
PTR_LASTNAME varchar2(15),
PTR_FIRSTNAME varchar2(15),
PTR_AREACODE varchar2(3),
PTR_PHONE varchar2(8),
Primary key (PTR_NUM)
);

Table PAINTER created.

SQL> INSERT INTO PAINTER VALUES('123','Ross','Georgette','901','885-4567');

1 row inserted.

SQL> INSERT INTO PAINTER VALUES('126','Itero','Julio','901','346-1112');

1 row inserted.

SQL> INSERT INTO PAINTER VALUES('127','Geoff','George','615','221-4456');

1 row inserted.

SQL> /* -- */
SQL> CREATE TABLE PAINTING (
PTNG_NUM varchar2(4),
PTNG_TITLE varchar2(35),
PTNG_PRICE number ,
PTR_NUM varchar2(4),
GAL_NUM varchar2(4),
Primary key (PTNG_NUM),
FOREIGN KEY (PTR_NUM) REFERENCES PAINTER (PTR_NUM) ON DELETE CASCADE,
FOREIGN KEY (GAL_NUM) REFERENCES GALLERY (GAL_NUM) ON DELETE CASCADE,
check (PTNG_PRICE > 0)
);

Table PAINTING created.

SQL> INSERT INTO PAINTING VALUES('1338','Dawn Thunder',245.5,'123','5');

1 row inserted.

SQL> INSERT INTO PAINTING VALUES('1339','A Faded Rose',6723,'123',null);

1 row inserted.

SQL> INSERT INTO PAINTING VALUES('1340','The Founders',567.99,'126','6');

1 row inserted.

SQL> INSERT INTO PAINTING VALUES('1341','Hasty Pudding Exit',145.5,'123',null);

1 row inserted.

SQL> INSERT INTO PAINTING VALUES('1342','Plastic Paradise',8328.99,'126','6');

1 row inserted.

SQL> INSERT INTO PAINTING VALUES('1343','Roamin',785,'127','6');

1 row inserted.

SQL> INSERT INTO PAINTING VALUES('1344','Wild Waters',999,'127','5');

1 row inserted.

SQL> INSERT INTO PAINTING VALUES('1345','Stuff ''n Such ''n Some','9800','123','5');

1 row inserted.
SQL> commit;

Commit complete.

SQL> select * from gallery;

GAL_ GAL_OWNER                           GAL GAL_PHON   GAL_RATE
---- ----------------------------------- --- -------- ----------
5    L. R. Gilliam                       901 123-4456        .37
6    G. G. Waters                        405 353-2243        .45

SQL> select * from painter;

PTR_ PTR_LASTNAME    PTR_FIRSTNAME   PTR PTR_PHON
---- --------------- --------------- --- --------
123  Ross            Georgette       901 885-4567
126  Itero           Julio           901 346-1112
127  Geoff           George          615 221-4456

SQL> select * from painting;
PTNG PTNG_TITLE                          PTNG_PRICE PTR_ GAL_
---- ----------------------------------- ---------- ---- ----
1338 Dawn Thunder                             245.5 123  5   
1339 A Faded Rose                              6723 123      
1340 The Founders                            567.99 126  6   
1341 Hasty Pudding Exit                       145.5 123      
1342 Plastic Paradise                       8328.99 126  6   
1343 Roamin                                     785 127  6   
1344 Wild Waters                                999 127  5   
1345 Stuff 'n Such 'n Some                     9800 123  5   

 8 rows selected 

